#
# A fatal error has been detected by the Java Runtime Environment:
#
#  EXCEPTION_ACCESS_VIOLATION (0xc0000005) at pc=0x0000000058a14759, pid=2912, tid=804
#
# JRE version: Java(TM) SE Runtime Environment (7.0_79-b15) (build 1.7.0_79-b15)
# Java VM: Java HotSpot(TM) 64-Bit Server VM (24.79-b02 mixed mode windows-amd64 compressed oops)
# Problematic frame:
# V  [jvm.dll+0x54759]
#
# Failed to write core dump. Minidumps are not enabled by default on client versions of Windows
#
# If you would like to submit a bug report, please visit:
#   http://bugreport.java.com/bugreport/crash.jsp
#

---------------  T H R E A D  ---------------

Current thread (0x000000000c1f8000):  JavaThread "JDWP Transport Listener: dt_socket" daemon [_thread_in_vm, id=804, stack(0x000000000e030000,0x000000000e130000)]

siginfo: ExceptionCode=0xc0000005, reading address 0x000000000000000c

Registers:
RAX=0x000000000000000c, RBX=0x000000000c1f8000, RCX=0x0000000000000003, RDX=0x0000000000000000
RSP=0x000000000e12f1f0, RBP=0x000000000000000c, RSI=0x0000000000000000, RDI=0x0000000000000010
R8 =0x00000007d6ea9760, R9 =0x0000000000000000, R10=0x0000000000000000, R11=0x0000000000000001
R12=0x0000000000000000, R13=0x00000000020ad288, R14=0x0000000000000000, R15=0x0000000000000000
RIP=0x0000000058a14759, EFLAGS=0x0000000000010246

Top of Stack: (sp=0x000000000e12f1f0)
0x000000000e12f1f0:   000000000c1f8000 0000000000000000
0x000000000e12f200:   0000000000000000 000000000c1f8000
0x000000000e12f210:   0000000000000000 0000000058add9c7
0x000000000e12f220:   00000007d6ea9760 000000000e12f340
0x000000000e12f230:   000000000c27bd00 000000000e12f310
0x000000000e12f240:   000000000c1f8000 0000000000000000
0x000000000e12f250:   000000000c27bd00 000000000e12f340
0x000000000e12f260:   0000000000000000 00000000020ad288
0x000000000e12f270:   0000000000000000 0000000074227d15
0x000000000e12f280:   000000000e12f310 000000000e12f340
0x000000000e12f290:   000000000c27bd00 000000000c1f81e8
0x000000000e12f2a0:   000000001333b70a 000000007422f090
0x000000000e12f2b0:   0000000002010a01 000000000e12f3b0
0x000000000e12f2c0:   00000000020ace01 00000000020ace01
0x000000000e12f2d0:   00000e2800000013 0000000002010a00
0x000000000e12f2e0:   00000000020897a0 0000000058b4e7fa 

Instructions: (pc=0x0000000058a14759)
0x0000000058a14739:   d2 48 8b c5 eb 18 48 8b d0 48 8b c5 48 d3 e2 48
0x0000000058a14749:   03 15 61 31 6a 00 eb 06 48 8b 12 48 8b c7 48 98
0x0000000058a14759:   8b 14 10 85 d2 74 2a 45 84 db 4c 63 c6 48 0f 45
0x0000000058a14769:   fd 8d 47 0b 48 63 c8 48 83 e1 f8 48 c1 e9 03 8d 


Register to memory mapping:

RAX=0x000000000000000c is an unknown value
RBX=0x000000000c1f8000 is a thread
RCX=0x0000000000000003 is an unknown value
RDX=0x0000000000000000 is an unknown value
RSP=0x000000000e12f1f0 is pointing into the stack for thread: 0x000000000c1f8000
RBP=0x000000000000000c is an unknown value
RSI=0x0000000000000000 is an unknown value
RDI=0x0000000000000010 is an unknown value
R8 =0x00000007d6ea9760 is an oop
java.lang.String 
 - klass: 'java/lang/String'
R9 =0x0000000000000000 is an unknown value
R10=0x0000000000000000 is an unknown value
R11=0x0000000000000001 is an unknown value
R12=0x0000000000000000 is an unknown value
R13=0x00000000020ad288 is an unknown value
R14=0x0000000000000000 is an unknown value
R15=0x0000000000000000 is an unknown value


Stack: [0x000000000e030000,0x000000000e130000],  sp=0x000000000e12f1f0,  free space=1020k
Native frames: (J=compiled Java code, j=interpreted, Vv=VM code, C=native code)
V  [jvm.dll+0x54759]


---------------  P R O C E S S  ---------------

Java Threads: ( => current thread )
  0x000000000c52d000 JavaThread "TimerQueue" daemon [_thread_blocked, id=5032, stack(0x0000000013e80000,0x0000000013f80000)]
  0x000000000c475000 JavaThread "D3D Screen Updater" daemon [_thread_blocked, id=1996, stack(0x0000000012540000,0x0000000012640000)]
  0x0000000002088000 JavaThread "DestroyJavaVM" [_thread_blocked, id=4548, stack(0x00000000023d0000,0x00000000024d0000)]
  0x000000000c3b4000 JavaThread "AWT-EventQueue-0" [_thread_blocked, id=3048, stack(0x0000000011a60000,0x0000000011b60000)]
  0x000000000c28a000 JavaThread "AWT-Windows" daemon [_thread_in_native, id=4676, stack(0x000000000d660000,0x000000000d760000)]
  0x000000000c27e000 JavaThread "AWT-Shutdown" [_thread_blocked, id=4428, stack(0x000000000ec60000,0x000000000ed60000)]
  0x000000000c27d800 JavaThread "Java2D Disposer" daemon [_thread_blocked, id=3160, stack(0x000000000eb10000,0x000000000ec10000)]
  0x000000000c221000 JavaThread "Service Thread" daemon [_thread_blocked, id=3832, stack(0x000000000e7c0000,0x000000000e8c0000)]
  0x000000000c220000 JavaThread "C2 CompilerThread1" daemon [_thread_blocked, id=4740, stack(0x000000000e270000,0x000000000e370000)]
  0x000000000c21c800 JavaThread "C2 CompilerThread0" daemon [_thread_blocked, id=4960, stack(0x000000000e580000,0x000000000e680000)]
  0x000000000c20d800 JavaThread "JDWP Command Reader" daemon [_thread_in_native, id=1768, stack(0x000000000e3b0000,0x000000000e4b0000)]
  0x000000000c206800 JavaThread "JDWP Event Helper Thread" daemon [_thread_blocked, id=4556, stack(0x000000000e150000,0x000000000e250000)]
=>0x000000000c1f8000 JavaThread "JDWP Transport Listener: dt_socket" daemon [_thread_in_vm, id=804, stack(0x000000000e030000,0x000000000e130000)]
  0x000000000b04e000 JavaThread "Attach Listener" daemon [_thread_blocked, id=4744, stack(0x000000000d870000,0x000000000d970000)]
  0x000000000b04d000 JavaThread "Signal Dispatcher" daemon [_thread_blocked, id=4792, stack(0x000000000d760000,0x000000000d860000)]
  0x000000000b030800 JavaThread "Finalizer" daemon [_thread_blocked, id=792, stack(0x000000000d530000,0x000000000d630000)]
  0x0000000002117800 JavaThread "Reference Handler" daemon [_thread_blocked, id=2824, stack(0x000000000d280000,0x000000000d380000)]

Other Threads:
  0x000000000b02d000 VMThread [stack: 0x000000000d100000,0x000000000d200000] [id=3780]
  0x000000000c233800 WatcherThread [stack: 0x000000000e9b0000,0x000000000eab0000] [id=4160]

VM state:not at safepoint (normal execution)

VM Mutex/Monitor currently owned by a thread: None

Heap
 PSYoungGen      total 37888K, used 17079K [0x00000007d5f00000, 0x00000007d8900000, 0x0000000800000000)
  eden space 32768K, 52% used [0x00000007d5f00000,0x00000007d6fadf98,0x00000007d7f00000)
  from space 5120K, 0% used [0x00000007d8400000,0x00000007d8400000,0x00000007d8900000)
  to   space 5120K, 0% used [0x00000007d7f00000,0x00000007d7f00000,0x00000007d8400000)
 ParOldGen       total 86016K, used 0K [0x0000000781e00000, 0x0000000787200000, 0x00000007d5f00000)
  object space 86016K, 0% used [0x0000000781e00000,0x0000000781e00000,0x0000000787200000)
 PSPermGen       total 21504K, used 14762K [0x000000077cc00000, 0x000000077e100000, 0x0000000781e00000)
  object space 21504K, 68% used [0x000000077cc00000,0x000000077da6a988,0x000000077e100000)

Card table byte_map: [0x00000000054d0000,0x00000000058f0000] byte_map_base: 0x00000000018ea000

Polling page: 0x0000000000230000

Code Cache  [0x00000000024d0000, 0x0000000002740000, 0x00000000054d0000)
 total_blobs=572 nmethods=85 adapters=447 free_code_cache=48466Kb largest_free_block=49605824

Compilation events (10 events):
Event: 11.997 Thread 0x000000000c21c800   79  s          java.util.Hashtable::get (70 bytes)
Event: 12.007 Thread 0x000000000c21c800 nmethod 79 0x0000000002571650 code [0x00000000025717a0, 0x0000000002571df8]
Event: 12.023 Thread 0x000000000c220000   80             java.awt.Component::getPeer (5 bytes)
Event: 12.024 Thread 0x000000000c220000 nmethod 80 0x000000000256fd50 code [0x000000000256fe80, 0x000000000256fef8]
Event: 12.293 Thread 0x000000000c21c800   82             java.util.concurrent.locks.ReentrantLock$Sync::nonfairTryAcquire (67 bytes)
Event: 12.296 Thread 0x000000000c21c800 nmethod 82 0x000000000257b450 code [0x000000000257b580, 0x000000000257b678]
Event: 12.864 Thread 0x000000000c220000   83             java.util.IdentityHashMap::clear (39 bytes)
Event: 12.870 Thread 0x000000000c220000 nmethod 83 0x0000000002578f50 code [0x0000000002579080, 0x00000000025791d8]
Event: 12.949 Thread 0x000000000c21c800   84             java.security.AccessController::getContext (23 bytes)
Event: 12.952 Thread 0x000000000c21c800 nmethod 84 0x000000000257fb10 code [0x000000000257fc60, 0x000000000257fd58]

GC Heap History (0 events):
No events

Deoptimization events (5 events):
Event: 1.175 Thread 0x000000000c3b4000 Uncommon trap: reason=class_check action=maybe_recompile pc=0x0000000002549a4c method=java.lang.String.equals(Ljava/lang/Object;)Z @ 8
Event: 1.175 Thread 0x000000000c3b4000 Uncommon trap: reason=class_check action=maybe_recompile pc=0x0000000002549a4c method=java.lang.String.equals(Ljava/lang/Object;)Z @ 8
Event: 1.175 Thread 0x000000000c3b4000 Uncommon trap: reason=class_check action=maybe_recompile pc=0x0000000002549a4c method=java.lang.String.equals(Ljava/lang/Object;)Z @ 8
Event: 3.182 Thread 0x000000000c3b4000 Uncommon trap: reason=class_check action=maybe_recompile pc=0x0000000002549a4c method=java.lang.String.equals(Ljava/lang/Object;)Z @ 8
Event: 3.449 Thread 0x000000000c3b4000 Uncommon trap: reason=unreached action=reinterpret pc=0x000000000255a838 method=java.util.HashMap.getEntry(Ljava/lang/Object;)Ljava/util/HashMap$Entry; @ 10

Internal exceptions (10 events):
Event: 12.003 Thread 0x000000000c3b4000 Threw 0x00000007d6cf54c8 at C:\re\jdk7u79\2331\hotspot\src\share\vm\prims\jvm.cpp:1304
Event: 12.005 Thread 0x000000000c3b4000 Threw 0x00000007d6cf8f50 at C:\re\jdk7u79\2331\hotspot\src\share\vm\prims\jvm.cpp:1304
Event: 12.006 Thread 0x000000000c3b4000 Threw 0x00000007d6cfad98 at C:\re\jdk7u79\2331\hotspot\src\share\vm\prims\jvm.cpp:1304
Event: 12.011 Thread 0x000000000c3b4000 Threw 0x00000007d6cfe090 at C:\re\jdk7u79\2331\hotspot\src\share\vm\prims\jvm.cpp:1304
Event: 12.013 Thread 0x000000000c3b4000 Threw 0x00000007d6d05c80 at C:\re\jdk7u79\2331\hotspot\src\share\vm\prims\jvm.cpp:1304
Event: 12.016 Thread 0x000000000c3b4000 Threw 0x00000007d6dd8e40 at C:\re\jdk7u79\2331\hotspot\src\share\vm\prims\jvm.cpp:1304
Event: 12.017 Thread 0x000000000c3b4000 Threw 0x00000007d6ddbf88 at C:\re\jdk7u79\2331\hotspot\src\share\vm\prims\jvm.cpp:1304
Event: 12.017 Thread 0x000000000c3b4000 Threw 0x00000007d6dddcf0 at C:\re\jdk7u79\2331\hotspot\src\share\vm\prims\jvm.cpp:1304
Event: 13.489 Thread 0x000000000c3b4000 Threw 0x00000007d6ea2228 at C:\re\jdk7u79\2331\hotspot\src\share\vm\prims\jvm.cpp:1304
Event: 32.931 Thread 0x000000000c3b4000 Threw 0x00000007d6ea6658 at C:\re\jdk7u79\2331\hotspot\src\share\vm\prims\jvm.cpp:1304

Events (10 events):
Event: 70.475 Executing VM operation: ChangeSingleStep
Event: 70.475 Executing VM operation: ChangeSingleStep done
Event: 70.475 Executing VM operation: ChangeSingleStep
Event: 70.475 Executing VM operation: ChangeSingleStep done
Event: 70.500 Executing VM operation: GetOrSetLocal
Event: 70.500 Executing VM operation: GetOrSetLocal done
Event: 70.500 Executing VM operation: GetOrSetLocal
Event: 70.500 Executing VM operation: GetOrSetLocal done
Event: 70.567 Executing VM operation: GetOrSetLocal
Event: 70.567 Executing VM operation: GetOrSetLocal done


Dynamic libraries:
0x000000013ffe0000 - 0x0000000140013000 	C:\Program Files\Java\jdk1.7.0_79\jre\bin\javaw.exe
0x0000000077260000 - 0x0000000077409000 	C:\Windows\SYSTEM32\ntdll.dll
0x0000000077140000 - 0x000000007725f000 	C:\Windows\system32\kernel32.dll
0x000007fefd280000 - 0x000007fefd2eb000 	C:\Windows\system32\KERNELBASE.dll
0x000007fefdbd0000 - 0x000007fefdcab000 	C:\Windows\system32\ADVAPI32.dll
0x000007fefdb10000 - 0x000007fefdbaf000 	C:\Windows\system32\msvcrt.dll
0x000007fefee20000 - 0x000007fefee3f000 	C:\Windows\SYSTEM32\sechost.dll
0x000007fefecf0000 - 0x000007fefee1d000 	C:\Windows\system32\RPCRT4.dll
0x0000000077040000 - 0x000000007713a000 	C:\Windows\system32\USER32.dll
0x000007feff0b0000 - 0x000007feff117000 	C:\Windows\system32\GDI32.dll
0x000007fefd7e0000 - 0x000007fefd7ee000 	C:\Windows\system32\LPK.dll
0x000007fefeaf0000 - 0x000007fefebb9000 	C:\Windows\system32\USP10.dll
0x000007fefbdb0000 - 0x000007fefbfa4000 	C:\Windows\WinSxS\amd64_microsoft.windows.common-controls_6595b64144ccf1df_6.0.7601.17514_none_fa396087175ac9ac\COMCTL32.dll
0x000007fefea40000 - 0x000007fefeab1000 	C:\Windows\system32\SHLWAPI.dll
0x000007fefeac0000 - 0x000007fefeaee000 	C:\Windows\system32\IMM32.DLL
0x000007fefd890000 - 0x000007fefd999000 	C:\Windows\system32\MSCTF.dll
0x0000000073df0000 - 0x0000000073ec2000 	C:\Program Files\Java\jdk1.7.0_79\jre\bin\msvcr100.dll
0x00000000589c0000 - 0x0000000059195000 	C:\Program Files\Java\jdk1.7.0_79\jre\bin\server\jvm.dll
0x000007fef7ab0000 - 0x000007fef7ab9000 	C:\Windows\system32\WSOCK32.dll
0x000007feff300000 - 0x000007feff34d000 	C:\Windows\system32\WS2_32.dll
0x000007fefda80000 - 0x000007fefda88000 	C:\Windows\system32\NSI.dll
0x000007fefa230000 - 0x000007fefa26b000 	C:\Windows\system32\WINMM.dll
0x0000000077430000 - 0x0000000077437000 	C:\Windows\system32\PSAPI.DLL
0x0000000074bd0000 - 0x0000000074bdf000 	C:\Program Files\Java\jdk1.7.0_79\jre\bin\verify.dll
0x0000000074b80000 - 0x0000000074ba8000 	C:\Program Files\Java\jdk1.7.0_79\jre\bin\java.dll
0x0000000074220000 - 0x0000000074255000 	C:\Program Files\Java\jdk1.7.0_79\jre\bin\jdwp.dll
0x0000000074b70000 - 0x0000000074b78000 	C:\Program Files\Java\jdk1.7.0_79\jre\bin\npt.dll
0x0000000074200000 - 0x0000000074215000 	C:\Program Files\Java\jdk1.7.0_79\jre\bin\zip.dll
0x0000000074b60000 - 0x0000000074b69000 	C:\Program Files\Java\jdk1.7.0_79\jre\bin\dt_socket.dll
0x000007fefaf20000 - 0x000007fefaf35000 	C:\Windows\system32\NLAapi.dll
0x000007fef67e0000 - 0x000007fef67f5000 	C:\Windows\system32\napinsp.dll
0x000007fef67c0000 - 0x000007fef67d9000 	C:\Windows\system32\pnrpnsp.dll
0x000007fefc9e0000 - 0x000007fefca35000 	C:\Windows\System32\mswsock.dll
0x000007fefc860000 - 0x000007fefc8bb000 	C:\Windows\system32\DNSAPI.dll
0x000007fef67b0000 - 0x000007fef67bb000 	C:\Windows\System32\winrnr.dll
0x000007fefabb0000 - 0x000007fefabd7000 	C:\Windows\system32\IPHLPAPI.DLL
0x000007fefaba0000 - 0x000007fefabab000 	C:\Windows\system32\WINNSI.DLL
0x000007fefaaa0000 - 0x000007fefaaf3000 	C:\Windows\System32\fwpuclnt.dll
0x000007fefa290000 - 0x000007fefa298000 	C:\Windows\system32\rasadhlp.dll
0x000007fefc3e0000 - 0x000007fefc3e7000 	C:\Windows\System32\wshtcpip.dll
0x0000000073c50000 - 0x0000000073de5000 	C:\Program Files\Java\jdk1.7.0_79\jre\bin\awt.dll
0x000007fefd9a0000 - 0x000007fefda77000 	C:\Windows\system32\OLEAUT32.dll
0x000007fefee40000 - 0x000007feff043000 	C:\Windows\system32\ole32.dll
0x000007fefbbd0000 - 0x000007fefbc26000 	C:\Windows\system32\uxtheme.dll
0x000007fefc2a0000 - 0x000007fefc2b8000 	C:\Windows\system32\dwmapi.dll
0x000007fefd0e0000 - 0x000007fefd0ef000 	C:\Windows\system32\CRYPTBASE.dll
0x000007fefdcb0000 - 0x000007fefea38000 	C:\Windows\system32\SHELL32.dll
0x000007fef7470000 - 0x000007fef766f000 	C:\Windows\system32\d3d9.dll
0x000007fefc2f0000 - 0x000007fefc2fc000 	C:\Windows\system32\VERSION.dll
0x000007fef73f0000 - 0x000007fef73f7000 	C:\Windows\system32\d3d8thk.dll
0x000007fef9340000 - 0x000007fef94bd000 	C:\Windows\system32\aticfx64.dll
0x000007fef7a00000 - 0x000007fef7a29000 	C:\Windows\system32\atiu9p64.dll
0x000007fee95b0000 - 0x000007fee9e2f000 	C:\Windows\system32\atiumd64.dll
0x00000000571c0000 - 0x0000000057c6a000 	C:\Windows\system32\atiumd6a.dll
0x000007fefc2c0000 - 0x000007fefc2ec000 	C:\Windows\system32\POWRPROF.dll
0x000007feff120000 - 0x000007feff2f7000 	C:\Windows\system32\SETUPAPI.dll
0x000007fefd4a0000 - 0x000007fefd4d6000 	C:\Windows\system32\CFGMGR32.dll
0x000007fefd260000 - 0x000007fefd27a000 	C:\Windows\system32\DEVOBJ.dll
0x00000000741b0000 - 0x00000000741f7000 	C:\Program Files\Java\jdk1.7.0_79\jre\bin\fontmanager.dll
0x0000000074190000 - 0x00000000741aa000 	C:\Program Files\Java\jdk1.7.0_79\jre\bin\net.dll
0x000007fefc9d0000 - 0x000007fefc9d7000 	C:\Windows\System32\wship6.dll
0x0000000072af0000 - 0x0000000072b01000 	C:\Program Files\Java\jdk1.7.0_79\jre\bin\nio.dll
0x00000000611f0000 - 0x0000000061231000 	C:\Program Files\Java\jdk1.7.0_79\jre\bin\t2k.dll
0x000007feff350000 - 0x000007feff3e9000 	C:\Windows\system32\CLBCatQ.DLL
0x000007fefb650000 - 0x000007fefb77a000 	C:\Windows\system32\WindowsCodecs.dll
0x000007fefd080000 - 0x000007fefd0d7000 	C:\Windows\system32\apphelp.dll
0x000007fef87f0000 - 0x000007fef88b0000 	C:\Program Files (x86)\Google\Drive\googledrivesync64.dll
0x0000000073790000 - 0x0000000073863000 	C:\Program Files (x86)\Google\Drive\Microsoft.VC90.CRT\MSVCP90.dll
0x00000000736e0000 - 0x0000000073783000 	C:\Program Files (x86)\Google\Drive\Microsoft.VC90.CRT\MSVCR90.dll
0x000007fef9940000 - 0x000007fef9975000 	C:\Windows\system32\EhStorShell.dll
0x000007fefbc30000 - 0x000007fefbd5c000 	C:\Windows\system32\PROPSYS.dll
0x000007fef98c0000 - 0x000007fef993e000 	C:\Windows\System32\cscui.dll
0x000007fef9a20000 - 0x000007fef9a2c000 	C:\Windows\System32\CSCDLL.dll
0x000007fef9a30000 - 0x000007fef9a3f000 	C:\Windows\system32\CSCAPI.dll
0x000007fef92c0000 - 0x000007fef9340000 	C:\Windows\system32\ntshrui.dll
0x000007fefcc50000 - 0x000007fefcc73000 	C:\Windows\system32\srvcli.dll
0x000007fefad30000 - 0x000007fefad3b000 	C:\Windows\system32\slc.dll
0x000007fef7bd0000 - 0x000007fef7cf5000 	C:\Windows\system32\dbghelp.dll

VM Arguments:
jvm_args: -agentlib:jdwp=transport=dt_socket,suspend=y,address=localhost:61833 -Dfile.encoding=Cp1252 
java_command: app.App
Launcher Type: SUN_STANDARD

Environment Variables:
JAVA_HOME=C:\Program Files\Java\jdk1.7.0_79
PATH=C:\Program Files\Java\jdk1.7.0_79\jre\bin;C:/Program Files/Java/jre1.8.0_91/bin/server;C:/Program Files/Java/jre1.8.0_91/bin;C:/Program Files/Java/jre1.8.0_91/lib/amd64;C:\ProgramData\Oracle\Java\javapath;C:\Windows\system32;C:\Windows;C:\Windows\System32\Wbem;C:\Windows\System32\WindowsPowerShell\v1.0\;C:\Program Files (x86)\AMD\ATI.ACE\Core-Static;C:\Program Files (x86)\Microsoft SQL Server\100\Tools\Binn\;C:\Program Files\Microsoft SQL Server\100\Tools\Binn\;C:\Program Files\Microsoft SQL Server\100\DTS\Binn\;C:\Program Files (x86)\Microsoft SQL Server\100\Tools\Binn\VSShell\Common7\IDE\;C:\Program Files (x86)\Microsoft Visual Studio 9.0\Common7\IDE\PrivateAssemblies\;C:\Program Files (x86)\Microsoft SQL Server\100\DTS\Binn\;C:\Program Files (x86)\MySQL\MySQL Fabric 1.5 & MySQL Utilities 1.5\;C:\Program Files (x86)\MySQL\MySQL Fabric 1.5 & MySQL Utilities 1.5\Doctrine extensions for PHP\;C:\Program Files\nodejs\;C:\Program Files\Git\cmd;C:\Ruby23-x64\bin;C:\Users\Srdjan\AppData\Roaming\npm;C:\eclipse;
USERNAME=Srdjan
OS=Windows_NT
PROCESSOR_IDENTIFIER=Intel64 Family 6 Model 60 Stepping 3, GenuineIntel



---------------  S Y S T E M  ---------------

OS: Windows 7 , 64 bit Build 7601 Service Pack 1

CPU:total 8 (4 cores per cpu, 2 threads per core) family 6 model 60 stepping 3, cmov, cx8, fxsr, mmx, sse, sse2, sse3, ssse3, sse4.1, sse4.2, popcnt, avx, avx2, aes, erms, ht, tsc, tscinvbit

Memory: 4k page, physical 8258536k(4972228k free), swap 16515228k(12143788k free)

vm_info: Java HotSpot(TM) 64-Bit Server VM (24.79-b02) for windows-amd64 JRE (1.7.0_79-b15), built on Apr 10 2015 12:36:16 by "java_re" with unknown MS VC++:1600

time: Mon Dec 12 21:42:31 2016
elapsed time: 70 seconds

